<?xml version="1.0" encoding="UTF-8"?>
<testsuite xmlns:xsi="http://www.w3.org/2001/XMLSchema-instance" xsi:noNamespaceSchemaLocation="https://maven.apache.org/surefire/maven-surefire-plugin/xsd/surefire-test-report-3.0.xsd" version="3.0" name="atulab.ie.ghglamptst.AppTest" time="0.018" tests="4" errors="0" skipped="0" failures="0">
  <properties>
    <property name="java.specification.version" value="17"/>
    <property name="sun.cpu.isalist" value="amd64"/>
    <property name="sun.jnu.encoding" value="Cp1252"/>
    <property name="java.class.path" value="C:\Users\Dermott\Documents\devops\ghglamptst\target\test-classes;C:\Users\Dermott\Documents\devops\ghglamptst\target\classes;C:\Users\Dermott\.m2\repository\junit\junit\3.8.1\junit-3.8.1.jar;"/>
    <property name="java.vm.vendor" value="Oracle Corporation"/>
    <property name="sun.arch.data.model" value="64"/>
    <property name="user.variant" value=""/>
    <property name="java.vendor.url" value="https://java.oracle.com/"/>
    <property name="user.timezone" value="Europe/Dublin"/>
    <property name="os.name" value="Windows 10"/>
    <property name="java.vm.specification.version" value="17"/>
    <property name="sun.java.launcher" value="SUN_STANDARD"/>
    <property name="user.country" value="GB"/>
    <property name="sun.boot.library.path" value="C:\Program Files\Java\jdk-17\bin"/>
    <property name="sun.java.command" value="C:\Users\Dermott\AppData\Local\Temp\surefire6149981848153958579\surefirebooter-20241208171319326_3.jar C:\Users\Dermott\AppData\Local\Temp\surefire6149981848153958579 2024-12-08T17-13-19_220-jvmRun1 surefire-20241208171319326_1tmp surefire_0-20241208171319326_2tmp"/>
    <property name="jdk.debug" value="release"/>
    <property name="surefire.test.class.path" value="C:\Users\Dermott\Documents\devops\ghglamptst\target\test-classes;C:\Users\Dermott\Documents\devops\ghglamptst\target\classes;C:\Users\Dermott\.m2\repository\junit\junit\3.8.1\junit-3.8.1.jar;"/>
    <property name="sun.cpu.endian" value="little"/>
    <property name="user.home" value="C:\Users\Dermott"/>
    <property name="user.language" value="en"/>
    <property name="java.specification.vendor" value="Oracle Corporation"/>
    <property name="java.version.date" value="2021-09-14"/>
    <property name="java.home" value="C:\Program Files\Java\jdk-17"/>
    <property name="file.separator" value="\"/>
    <property name="basedir" value="C:\Users\Dermott\Documents\devops\ghglamptst"/>
    <property name="java.vm.compressedOopsMode" value="Zero based"/>
    <property name="line.separator" value="&#10;"/>
    <property name="java.vm.specification.vendor" value="Oracle Corporation"/>
    <property name="java.specification.name" value="Java Platform API Specification"/>
    <property name="surefire.real.class.path" value="C:\Users\Dermott\AppData\Local\Temp\surefire6149981848153958579\surefirebooter-20241208171319326_3.jar"/>
    <property name="user.script" value=""/>
    <property name="sun.management.compiler" value="HotSpot 64-Bit Tiered Compilers"/>
    <property name="java.runtime.version" value="17+35-LTS-2724"/>
    <property name="user.name" value="Dermott"/>
    <property name="path.separator" value=";"/>
    <property name="os.version" value="10.0"/>
    <property name="java.runtime.name" value="Java(TM) SE Runtime Environment"/>
    <property name="file.encoding" value="Cp1252"/>
    <property name="java.vm.name" value="Java HotSpot(TM) 64-Bit Server VM"/>
    <property name="localRepository" value="C:\Users\Dermott\.m2\repository"/>
    <property name="java.vendor.url.bug" value="https://bugreport.java.com/bugreport/"/>
    <property name="java.io.tmpdir" value="C:\Users\Dermott\AppData\Local\Temp\"/>
    <property name="java.version" value="17"/>
    <property name="user.dir" value="C:\Users\Dermott\Documents\devops\ghglamptst"/>
    <property name="os.arch" value="amd64"/>
    <property name="java.vm.specification.name" value="Java Virtual Machine Specification"/>
    <property name="sun.os.patch.level" value=""/>
    <property name="native.encoding" value="Cp1252"/>
    <property name="java.library.path" value="C:\Program Files\Java\jdk-17\bin;C:\Windows\Sun\Java\bin;C:\Windows\system32;C:\Windows;D:\vm\bin\;C:\Program Files\Common Files\Oracle\Java\javapath;C:\Program Files (x86)\Common Files\Oracle\Java\javapath;C:\Windows\system32;C:\Windows;C:\Windows\System32\Wbem;C:\Windows\System32\WindowsPowerShell\v1.0\;C:\Windows\System32\OpenSSH\;C:\Program Files\NVIDIA Corporation\NVIDIA NvDLISR;C:\Program Files (x86)\NVIDIA Corporation\PhysX\Common;C:\Program Files\dotnet\;C:\Program Files\Microsoft SQL Server\150\Tools\Binn\;C:\Program Files\nodejs\;C:\Program Files\Microsoft SQL Server\Client SDK\ODBC\170\Tools\Binn\;C:\Program Files\Git\cmd;C:\apache-maven-3.9.9\bin;C:\Program Files\MySQL\MySQL Shell 8.0\bin\;C:\Users\Dermott\AppData\Local\Microsoft\WindowsApps;;C:\Users\Dermott\AppData\Local\Programs\Microsoft VS Code\bin;C:\Users\Dermott\AppData\Roaming\npm;C:\Users\Dermott\.dotnet\tools;."/>
    <property name="java.vm.info" value="mixed mode, sharing"/>
    <property name="java.vendor" value="Oracle Corporation"/>
    <property name="java.vm.version" value="17+35-LTS-2724"/>
    <property name="sun.io.unicode.encoding" value="UnicodeLittle"/>
    <property name="java.class.version" value="61.0"/>
  </properties>
  <testcase name="testSetUpCamp" classname="atulab.ie.ghglamptst.AppTest" time="0.005">
    <system-out><![CDATA[
You are setting up your camp...
Camp setup complete! +6 points.
]]></system-out>
  </testcase>
  <testcase name="testCookChicken" classname="atulab.ie.ghglamptst.AppTest" time="0.001">
    <system-out><![CDATA[
You are cooking a chicken...
Chicken cooked perfectly! +17 points.
]]></system-out>
  </testcase>
  <testcase name="testShowHelp" classname="atulab.ie.ghglamptst.AppTest" time="0.003">
    <system-out><![CDATA[
=== Help Menu ===
1. To set up camp, gather materials and choose a safe location.
2. To start a fire, use flint and wood, ensuring a safe environment.
3. To cook a chicken, ensure it's cooked thoroughly over the fire.
==================
]]></system-out>
  </testcase>
  <testcase name="testStartFire" classname="atulab.ie.ghglamptst.AppTest" time="0.001">
    <system-out><![CDATA[
You are starting a fire...
Fire started successfully! +7 points.
]]></system-out>
  </testcase>
</testsuite>